{
"src/app/app.component.ts":{"path":"src/app/app.component.ts","statementMap":{"1":{"start":{"line":1,"column":0},"end":{"line":1,"column":41}},"2":{"start":{"line":8,"column":25},"end":{"line":8,"column":0}},"3":{"start":{"line":10,"column":0},"end":{"line":10,"column":1}},"4":{"start":{"line":8,"column":13},"end":{"line":10,"column":1}},"5":{"start":{"line":8,"column":13},"end":{"line":8,"column":25}}},"fnMap":{"1":{"name":"(anonymous_0)","line":8,"loc":{"start":{"line":8,"column":25},"end":{"line":8,"column":0}}},"2":{"name":"AppComponent","line":8,"loc":{"start":{"line":8,"column":0},"end":{"line":10,"column":1}}}},"branchMap":{},"s":{"1":1,"2":1,"3":1,"4":1,"5":1},"b":{},"f":{"1":1,"2":1},"l":{"1":1,"8":1,"10":1}},
"src/app/app.service.ts":{"path":"src/app/app.service.ts","statementMap":{"1":{"start":{"line":1,"column":0},"end":{"line":1,"column":42}},"2":{"start":{"line":8,"column":21},"end":{"line":8,"column":0}},"3":{"start":{"line":10,"column":9},"end":{"line":10,"column":41}},"4":{"start":{"line":13,"column":2},"end":{"line":15,"column":3}},"5":{"start":{"line":14,"column":4},"end":{"line":14,"column":50}},"6":{"start":{"line":18,"column":4},"end":{"line":18,"column":59}},"7":{"start":{"line":21,"column":9},"end":{"line":25,"column":3}},"8":{"start":{"line":23,"column":18},"end":{"line":23,"column":28}},"9":{"start":{"line":24,"column":4},"end":{"line":24,"column":60}},"10":{"start":{"line":27,"column":9},"end":{"line":30,"column":3}},"11":{"start":{"line":29,"column":4},"end":{"line":29,"column":37}},"12":{"start":{"line":32,"column":10},"end":{"line":35,"column":3}},"13":{"start":{"line":34,"column":4},"end":{"line":34,"column":48}},"14":{"start":{"line":36,"column":0},"end":{"line":36,"column":1}},"15":{"start":{"line":8,"column":13},"end":{"line":36,"column":1}},"16":{"start":{"line":8,"column":13},"end":{"line":8,"column":21}}},"fnMap":{"1":{"name":"(anonymous_0)","line":8,"loc":{"start":{"line":8,"column":21},"end":{"line":8,"column":0}}},"2":{"name":"AppState","line":7,"loc":{"start":{"line":7,"column":0},"end":{"line":36,"column":1}}},"3":{"name":"(anonymous_2)","line":13,"loc":{"start":{"line":13,"column":2},"end":{"line":15,"column":3}}},"4":{"name":"(anonymous_3)","line":17,"loc":{"start":{"line":17,"column":24},"end":{"line":19,"column":3}}},"5":{"name":"(anonymous_4)","line":21,"loc":{"start":{"line":21,"column":23},"end":{"line":25,"column":3}}},"6":{"name":"(anonymous_5)","line":27,"loc":{"start":{"line":27,"column":37},"end":{"line":30,"column":3}}},"7":{"name":"(anonymous_6)","line":32,"loc":{"start":{"line":32,"column":42},"end":{"line":35,"column":3}}}},"branchMap":{"1":{"line":24,"type":"cond-expr","locations":[{"start":{"line":24,"column":40},"end":{"line":24,"column":51}},{"start":{"line":24,"column":54},"end":{"line":24,"column":59}}]}},"s":{"1":1,"2":1,"3":0,"4":1,"5":0,"6":0,"7":1,"8":0,"9":0,"10":1,"11":0,"12":1,"13":0,"14":1,"15":1,"16":1},"b":{"1":[0,0]},"f":{"1":1,"2":0,"3":0,"4":0,"5":0,"6":0,"7":0},"l":{"1":1,"8":1,"10":0,"13":1,"14":0,"18":0,"21":1,"23":0,"24":0,"27":1,"29":0,"32":1,"34":0,"36":1}}}
